[The GENIE spy reports]

$GENIE                       -> /genie/app/users/apapadop/R-2_12_10
$SRT_ENV_SET                 -> **undefined**
$LD_LIBRARY_PATH             -> /genie/app/users/apapadop/R-2_12_10/lib:/genie/app/users/apapadop/Reweight/lib:/grid/fermiapp/products/larsoft/git/v2_15_1/Linux64bit+3.10-2.17/lib64:/grid/fermiapp/products/larsoft/gcc/v7_3_0/Linux64bit+3.10-2.17/lib64:/grid/fermiapp/products/larsoft/gcc/v7_3_0/Linux64bit+3.10-2.17/lib:/grid/fermiapp/products/larsoft/log4cpp/v1_1_3a/Linux64bit+3.10-2.17-e17-debug/lib:/grid/fermiapp/products/larsoft/lhapdf/v5_9_1k/Linux64bit+3.10-2.17-e17-debug/lib:/grid/fermiapp/products/larsoft/libxml2/v2_9_5/Linux64bit+3.10-2.17-debug/lib:/grid/fermiapp/products/larsoft/tbb/v2018_2a/Linux64bit+3.10-2.17-e17-debug/lib:/grid/fermiapp/products/larsoft/xrootd/v4_8_0b/Linux64bit+3.10-2.17-e17-debug/lib64:/grid/fermiapp/products/larsoft/mysql_client/v5_5_58a/Linux64bit+3.10-2.17-e17/lib:/grid/fermiapp/products/larsoft/sqlite/v3_20_01_00/Linux64bit+3.10-2.17/lib:/grid/fermiapp/products/larsoft/python/v2_7_14b/Linux64bit+3.10-2.17/lib:/grid/fermiapp/products/larsoft/postgresql/v9_6_6a/Linux64bit+3.10-2.17-p2714b/lib:/grid/fermiapp/products/larsoft/pythia/v6_4_28k/Linux64bit+3.10-2.17-gcc730-debug/lib:/grid/fermiapp/products/larsoft/gsl/v2_4/Linux64bit+3.10-2.17-debug/lib:/grid/fermiapp/products/larsoft/fftw/v3_3_6_pl2/Linux64bit+3.10-2.17-debug/lib:/grid/fermiapp/products/larsoft/clhep/v2_3_4_6/Linux64bit+3.10-2.17-e17-debug/lib:/grid/fermiapp/products/larsoft/root/v6_12_06a/Linux64bit+3.10-2.17-e17-debug/lib
$DYLD_LIBRARY_PATH           -> **undefined**
$PATH                        -> /genie/app/users/apapadop/R-2_12_10/bin:/genie/app/users/apapadop/Reweight/bin:/grid/fermiapp/products/larsoft/git/v2_15_1/Linux64bit+3.10-2.17/lib64:/grid/fermiapp/products/larsoft/git/v2_15_1/Linux64bit+3.10-2.17/bin:/grid/fermiapp/products/larsoft/gdb/v8_1/Linux64bit+3.10-2.17/bin:/grid/fermiapp/products/larsoft/gcc/v7_3_0/Linux64bit+3.10-2.17/bin:/grid/fermiapp/products/larsoft/log4cpp/v1_1_3a/Linux64bit+3.10-2.17-e17-debug/bin:/grid/fermiapp/products/larsoft/lhapdf/v5_9_1k/Linux64bit+3.10-2.17-e17-debug/bin:/grid/fermiapp/products/larsoft/libxml2/v2_9_5/Linux64bit+3.10-2.17-debug/bin:/grid/fermiapp/products/larsoft/xrootd/v4_8_0b/Linux64bit+3.10-2.17-e17-debug/bin:/grid/fermiapp/products/larsoft/mysql_client/v5_5_58a/Linux64bit+3.10-2.17-e17/bin:/grid/fermiapp/products/larsoft/sqlite/v3_20_01_00/Linux64bit+3.10-2.17/bin:/grid/fermiapp/products/larsoft/python/v2_7_14b/Linux64bit+3.10-2.17/bin:/grid/fermiapp/products/larsoft/postgresql/v9_6_6a/Linux64bit+3.10-2.17-p2714b/bin:/grid/fermiapp/products/larsoft/gsl/v2_4/Linux64bit+3.10-2.17-debug/bin:/grid/fermiapp/products/larsoft/fftw/v3_3_6_pl2/Linux64bit+3.10-2.17-debug/bin:/grid/fermiapp/products/larsoft/clhep/v2_3_4_6/Linux64bit+3.10-2.17-e17-debug/bin:/grid/fermiapp/products/larsoft/root/v6_12_06a/Linux64bit+3.10-2.17-e17-debug/bin:/grid/fermiapp/products/larsoft/ups/v6_0_7/Linux64bit+3.10-2.17/bin:/usr/lib64/qt-3.3/bin:/opt/puppetlabs/bin:/nashome/a/apapadop/perl5/bin:/usr/local/bin:/usr/bin:/usr/local/sbin:/usr/sbin:/opt/puppetlabs/bin

Saving the configuration of your GENIE installation: 

# 
 # Make.config 
 # This file was automatically generated by the 'configure' script  
 # and is included into the project Makefiles  
 # 
 GENIE_INSTALLATION_PATH=/usr/local/
 GOPT_ENABLE_PROFILER=NO
 GOPT_ENABLE_DOXYGEN_DOC=NO
 GOPT_ENABLE_DYLIBVERSION=YES
 GOPT_ENABLE_LOW_LEVEL_MESG=NO
 GOPT_ENABLE_LHAPDF=YES
 GOPT_ENABLE_FLUX_DRIVERS=YES
 GOPT_ENABLE_GEOM_DRIVERS=YES
 GOPT_ENABLE_VLE_EXTENSION=NO
 GOPT_ENABLE_MUELOSS=YES
 GOPT_ENABLE_TEST=NO
 GOPT_ENABLE_T2K=NO
 GOPT_ENABLE_FNAL=NO
 GOPT_ENABLE_ATMO=NO
 GOPT_ENABLE_NUCLEON_DECAY=NO
 GOPT_ENABLE_NEUTRON_OSC=NO
 GOPT_ENABLE_RWGHT=NO
 GOPT_ENABLE_MASTERCLASS=NO
 GOPT_WITH_COMPILER=gcc
 GOPT_WITH_CXX_DEBUG_FLAG=
 GOPT_WITH_CXX_OPTIMIZ_FLAG=-O2
 GOPT_WITH_PROFILER_LIB=
 GOPT_WITH_DOXYGEN_PATH=
 GOPT_WITH_PYTHIA6_LIB=/grid/fermiapp/products/larsoft/pythia/v6_4_28k/Linux64bit+3.10-2.17-gcc730-debug/lib
 GOPT_WITH_LHAPDF_LIB=/grid/fermiapp/products/larsoft/lhapdf/v5_9_1k/Linux64bit+3.10-2.17-e17-debug/lib
 GOPT_WITH_LHAPDF_INC=/grid/fermiapp/products/larsoft/lhapdf/v5_9_1k/Linux64bit+3.10-2.17-e17-debug/include
 GOPT_WITH_LIBXML2_INC=/grid/fermiapp/products/larsoft/libxml2/v2_9_5/Linux64bit+3.10-2.17-debug/include/libxml2
 GOPT_WITH_LIBXML2_LIB=/grid/fermiapp/products/larsoft/libxml2/v2_9_5/Linux64bit+3.10-2.17-debug/lib
 GOPT_WITH_LOG4CPP_INC=/grid/fermiapp/products/larsoft/log4cpp/v1_1_3a/Linux64bit+3.10-2.17-e17-debug/include
 GOPT_WITH_LOG4CPP_LIB=/grid/fermiapp/products/larsoft/log4cpp/v1_1_3a/Linux64bit+3.10-2.17-e17-debug/lib
 

Saving the configuration of your ROOT installation: 

 

Saving info on your OS, activity, disk usage & quota limit: 

Linux geniegpvm01.fnal.gov 3.10.0-1160.15.2.el7.x86_64 #1 SMP Tue Feb 2 08:13:55 CST 2021 x86_64 x86_64 x86_64 GNU/Linux

Filesystem                               1K-blocks           Used        Available Use% Mounted on
devtmpfs                                   6053888              0          6053888   0% /dev
tmpfs                                      6067784              0          6067784   0% /dev/shm
tmpfs                                      6067784            964          6066820   1% /run
tmpfs                                      6067784              0          6067784   0% /sys/fs/cgroup
/dev/mapper/rootvg-system_root            20511356        7301932         12160848  38% /
/dev/vda1                                   499656         220744           252700  47% /boot
/dev/mapper/rootvg-system_tmp             10190136          23236          9642612   1% /tmp
/dev/mapper/rootvg-system_scratch         22055452          45124         20883316   1% /scratch
/dev/mapper/rootvg-system_opt              6061632         170420          5576640   3% /opt
/dev/mapper/rootvg-system_var             10190136        2598316          7067532  27% /var
/dev/mapper/rootvg-system_cvmfs           10190136        4033760          5632088  42% /var/cache/cvmfs2
if-nas-0.fnal.gov:/genie                 734003200      684595936         49407264  94% /genie/app
filesrv01.fnal.gov:/web                 1932735296     1771409792        161325504  92% /web
blue2:/fermigrid-fermiapp               7516192768     6277130624       1239062144  84% /grid/fermiapp
filesrv01.fnal.gov:/publicweb            262144000      235796544         26347456  90% /publicweb
pnfs-stken:/pnfs/fs/usr/genie     1125899906842624 50676304219840 1075223602622784   5% /pnfs/genie
tmpfs                                      1213560              0          1213560   0% /run/user/54248
cvmfs2                                     4194304        3978558           215747  95% /cvmfs/config-osg.opensciencegrid.org
homesrv01.fnal.gov:/home                3006477120     2574590656        431886464  86% /nashome
tmpfs                                      1213560              0          1213560   0% /run/user/52240
cvmfs2                                     4194304        3978558           215747  95% /cvmfs/larsoft.opensciencegrid.org
cvmfs2                                     4194304        3978558           215747  95% /cvmfs/uboone.opensciencegrid.org
cvmfs2                                     4194304        3978558           215747  95% /cvmfs/fermilab.opensciencegrid.org
tmpfs                                      1213560              0          1213560   0% /run/user/52252

Disk quotas for user apapadop (uid 52252): 
     Filesystem  blocks   quota   limit   grace   files   quota   limit   grace
if-nas-0.fnal.gov:/genie
                684595936       0 734003200         3391659       0       0        
blue2:/fermigrid-fermiapp
                5770193728       0 7516192768         41690788       0       0        
